<?xml version="1.0" encoding="UTF-8"?>
<!-- Generated by org.testng.reporters.JUnitXMLReporter -->
<testsuite ignored="0" hostname="LAPTOP-DG8G23UU" failures="0" tests="5" name="Login" time="25.777" errors="0" timestamp="2024-05-25T11:02:14 IST">
  <testcase classname="prashantbhakuni.Test.LoginTestCases" name="loginFive" time="1.224"/>
  <testcase classname="prashantbhakuni.Test.LoginTestCases" name="loginFour" time="1.075"/>
  <testcase classname="prashantbhakuni.Test.LoginTestCases" name="loginOne" time="1.168"/>
  <testcase classname="prashantbhakuni.Test.LoginTestCases" name="loginThree" time="1.288"/>
  <testcase classname="prashantbhakuni.Test.LoginTestCases" name="loginTwo" time="1.238"/>
</testsuite> <!-- Login -->
