<?xml version="1.0" encoding="UTF-8"?>
<!-- Generated by org.testng.reporters.JUnitXMLReporter -->
<testsuite ignored="0" hostname="LAPTOP-DG8G23UU" failures="0" tests="5" name="Login" time="26.325" errors="0" timestamp="2024-06-03T19:24:12 IST">
  <testcase classname="prashantbhakuni.Test.LoginTestCases" name="loginFive" time="1.26"/>
  <testcase classname="prashantbhakuni.Test.LoginTestCases" name="loginFour" time="1.013"/>
  <testcase classname="prashantbhakuni.Test.LoginTestCases" name="loginOne" time="1.153"/>
  <testcase classname="prashantbhakuni.Test.LoginTestCases" name="loginThree" time="1.354"/>
  <testcase classname="prashantbhakuni.Test.LoginTestCases" name="loginTwo" time="1.133"/>
</testsuite> <!-- Login -->
