<?xml version="1.0" encoding="UTF-8"?>
<!-- Generated by org.testng.reporters.JUnitXMLReporter -->
<testsuite ignored="5" hostname="LAPTOP-DG8G23UU" failures="1" tests="1" name="Test" time="6.868" errors="0" timestamp="2024-05-25T11:00:53 IST">
  <testcase classname="prashantbhakuni.Test.AppointmentBookingTestCases" name="bookingSix" time="1.891">
    <failure type="java.lang.AssertionError" message="expected [Please select a valid date] but found [Appointment Confirmation]">
      <![CDATA[java.lang.AssertionError: expected [Please select a valid date] but found [Appointment Confirmation]
at prashantbhakuni.Test.AppointmentBookingTestCases.bookingSix(AppointmentBookingTestCases.java:199)
at java.base/java.util.ArrayList.forEach(ArrayList.java:1511)
... Removed 33 stack frames]]>
    </failure>
  </testcase> <!-- bookingSix -->
  <testcase classname="prashantbhakuni.Test.AppointmentBookingTestCases" name="bookingTwo" time="0.0">
    <ignored/>
  </testcase> <!-- bookingTwo -->
  <testcase classname="prashantbhakuni.Test.AppointmentBookingTestCases" name="bookingOne" time="0.0">
    <ignored/>
  </testcase> <!-- bookingOne -->
  <testcase classname="prashantbhakuni.Test.AppointmentBookingTestCases" name="bookingFour" time="0.0">
    <ignored/>
  </testcase> <!-- bookingFour -->
  <testcase classname="prashantbhakuni.Test.AppointmentBookingTestCases" name="bookingThree" time="0.0">
    <ignored/>
  </testcase> <!-- bookingThree -->
  <testcase classname="prashantbhakuni.Test.AppointmentBookingTestCases" name="bookingFive" time="0.0">
    <ignored/>
  </testcase> <!-- bookingFive -->
</testsuite> <!-- Test -->
