<?xml version="1.0" encoding="UTF-8"?>
<!-- Generated by org.testng.reporters.JUnitXMLReporter -->
<testsuite ignored="1" hostname="LAPTOP-DG8G23UU" failures="0" tests="5" name="Test" time="80.444" errors="0" timestamp="2024-05-21T20:35:02 IST">
  <testcase classname="prashantbhakuni.Test.AppointmentBookingTestCases" name="bookingFive" time="13.259"/>
  <testcase classname="prashantbhakuni.Test.AppointmentBookingTestCases" name="bookingFour" time="3.199"/>
  <testcase classname="prashantbhakuni.Test.AppointmentBookingTestCases" name="bookingOne" time="1.755"/>
  <testcase classname="prashantbhakuni.Test.AppointmentBookingTestCases" name="bookingThree" time="1.66"/>
  <testcase classname="prashantbhakuni.Test.AppointmentBookingTestCases" name="bookingTwo" time="1.957"/>
  <testcase classname="prashantbhakuni.Test.AppointmentBookingTestCases" name="bookingSix" time="0.0">
    <ignored/>
  </testcase> <!-- bookingSix -->
</testsuite> <!-- Test -->
