<?xml version="1.0" encoding="UTF-8"?>
<!-- Generated by org.testng.reporters.JUnitXMLReporter -->
<testsuite ignored="5" hostname="LAPTOP-DG8G23UU" failures="1" tests="1" name="Test" time="0.05" errors="0" timestamp="2024-05-22T08:30:35 IST">
  <testcase classname="prashantbhakuni.Test.AppointmentBookingTestCases" name="bookingSix" time="0.007">
    <failure type="java.lang.NullPointerException" message="Cannot invoke &amp;quot;prashantbhakuni.pageobjects.LoginPage.loginWebsite(String, String)&amp;quot; because &amp;quot;this.loginpage&amp;quot; is null">
      <![CDATA[java.lang.NullPointerException: Cannot invoke "prashantbhakuni.pageobjects.LoginPage.loginWebsite(String, String)" because "this.loginpage" is null
at prashantbhakuni.Test.AppointmentBookingTestCases.bookingSix(AppointmentBookingTestCases.java:201)
at java.base/java.util.ArrayList.forEach(ArrayList.java:1511)
... Removed 27 stack frames]]>
    </failure>
  </testcase> <!-- bookingSix -->
  <testcase classname="prashantbhakuni.Test.AppointmentBookingTestCases" name="bookingThree" time="0.0">
    <ignored/>
  </testcase> <!-- bookingThree -->
  <testcase classname="prashantbhakuni.Test.AppointmentBookingTestCases" name="bookingTwo" time="0.0">
    <ignored/>
  </testcase> <!-- bookingTwo -->
  <testcase classname="prashantbhakuni.Test.AppointmentBookingTestCases" name="bookingFive" time="0.0">
    <ignored/>
  </testcase> <!-- bookingFive -->
  <testcase classname="prashantbhakuni.Test.AppointmentBookingTestCases" name="bookingOne" time="0.0">
    <ignored/>
  </testcase> <!-- bookingOne -->
  <testcase classname="prashantbhakuni.Test.AppointmentBookingTestCases" name="bookingFour" time="0.0">
    <ignored/>
  </testcase> <!-- bookingFour -->
</testsuite> <!-- Test -->
